[INFO] [2019-02-15 23:57:32][org.mongodb.driver.cluster]Cluster created with settings {hosts=[47.105.134.108:27022], mode=SINGLE, requiredClusterType=UNKNOWN, serverSelectionTimeout='30000 ms', maxWaitQueueSize=500}
  [INFO] [2019-02-15 23:57:32][org.mongodb.driver.cluster]Cluster description not yet available. Waiting for 30000 ms before timing out
  [INFO] [2019-02-15 23:57:32][org.mongodb.driver.connection]Opened connection [connectionId{localValue:1, serverValue:74}] to 47.105.134.108:27022
  [INFO] [2019-02-15 23:57:32][org.mongodb.driver.cluster]Monitor thread successfully connected to server with description ServerDescription{address=47.105.134.108:27022, type=STANDALONE, state=CONNECTED, ok=true, version=ServerVersion{versionList=[3, 4, 18]}, minWireVersion=0, maxWireVersion=5, maxDocumentSize=16777216, logicalSessionTimeoutMinutes=null, roundTripTimeNanos=25365800}
  [INFO] [2019-02-15 23:57:32][org.mongodb.driver.connection]Opened connection [connectionId{localValue:2, serverValue:75}] to 47.105.134.108:27022
  [INFO] [2019-02-15 23:57:32][com.ld.filter.until.MongoDbUtils]------------>AcknowledgedUpdateResult{matchedCount=1, modifiedCount=1, upsertedId=null}
  [INFO] [2019-02-16 00:07:29][org.mongodb.driver.cluster]Cluster created with settings {hosts=[47.105.134.108:27022], mode=SINGLE, requiredClusterType=UNKNOWN, serverSelectionTimeout='30000 ms', maxWaitQueueSize=500}
  [INFO] [2019-02-16 00:07:29][org.mongodb.driver.connection]Opened connection [connectionId{localValue:1, serverValue:81}] to 47.105.134.108:27022
  [INFO] [2019-02-16 00:07:29][org.mongodb.driver.cluster]Cluster description not yet available. Waiting for 30000 ms before timing out
  [INFO] [2019-02-16 00:07:29][org.mongodb.driver.cluster]Monitor thread successfully connected to server with description ServerDescription{address=47.105.134.108:27022, type=STANDALONE, state=CONNECTED, ok=true, version=ServerVersion{versionList=[3, 4, 18]}, minWireVersion=0, maxWireVersion=5, maxDocumentSize=16777216, logicalSessionTimeoutMinutes=null, roundTripTimeNanos=30723600}
  [INFO] [2019-02-16 00:07:29][org.mongodb.driver.connection]Opened connection [connectionId{localValue:2, serverValue:82}] to 47.105.134.108:27022
  [INFO] [2019-02-16 00:07:30][com.ld.filter.until.MongoDbUtils]------------>AcknowledgedUpdateResult{matchedCount=1, modifiedCount=0, upsertedId=null}
  [INFO] [2019-02-16 00:07:30][com.ld.filter.until.MongoDbUtils]-------->AcknowledgedUpdateResult{matchedCount=3, modifiedCount=3, upsertedId=null}
  [INFO] [2019-02-16 00:19:57][org.mongodb.driver.cluster]Cluster created with settings {hosts=[47.105.134.108:27022], mode=SINGLE, requiredClusterType=UNKNOWN, serverSelectionTimeout='30000 ms', maxWaitQueueSize=500}
  [INFO] [2019-02-16 00:19:57][org.mongodb.driver.cluster]Cluster description not yet available. Waiting for 30000 ms before timing out
  [INFO] [2019-02-16 00:19:57][org.mongodb.driver.connection]Opened connection [connectionId{localValue:1, serverValue:83}] to 47.105.134.108:27022
  [INFO] [2019-02-16 00:19:57][org.mongodb.driver.cluster]Monitor thread successfully connected to server with description ServerDescription{address=47.105.134.108:27022, type=STANDALONE, state=CONNECTED, ok=true, version=ServerVersion{versionList=[3, 4, 18]}, minWireVersion=0, maxWireVersion=5, maxDocumentSize=16777216, logicalSessionTimeoutMinutes=null, roundTripTimeNanos=31839899}
  [INFO] [2019-02-16 00:19:57][org.mongodb.driver.connection]Opened connection [connectionId{localValue:2, serverValue:84}] to 47.105.134.108:27022
  [INFO] [2019-02-16 00:19:57][com.ld.filter.until.MongoDbUtils]------------->AcknowledgedDeleteResult{deletedCount=1}
  [INFO] [2019-02-16 00:19:57][com.ld.filter.until.MongoDbUtils]------------>AcknowledgedDeleteResult{deletedCount=6}
  [INFO] [2019-02-16 09:31:02][org.mongodb.driver.cluster]Cluster created with settings {hosts=[47.105.134.108:27022], mode=SINGLE, requiredClusterType=UNKNOWN, serverSelectionTimeout='30000 ms', maxWaitQueueSize=500}
  [WARN] [2019-02-16 09:31:02][org.bson.codecs.pojo]Cannot use 'String' with the PojoCodec.
  org.bson.codecs.configuration.CodecConfigurationException: Could not create a PojoCodec for 'String'. Property 'bytes' errored with: Can't find a codec for class [B.
	at org.bson.codecs.pojo.PojoCodecImpl.specialize(PojoCodecImpl.java:82)
	at org.bson.codecs.pojo.PojoCodecImpl.<init>(PojoCodecImpl.java:60)
	at org.bson.codecs.pojo.PojoCodecProvider.getPojoCodec(PojoCodecProvider.java:87)
	at org.bson.codecs.pojo.PojoCodecProvider.get(PojoCodecProvider.java:72)
	at org.bson.codecs.configuration.ProvidersCodecRegistry.get(ProvidersCodecRegistry.java:55)
	at org.bson.codecs.configuration.ChildCodecRegistry.get(ChildCodecRegistry.java:51)
	at org.bson.codecs.configuration.CodecRegistries$1.get(CodecRegistries.java:141)
	at org.bson.codecs.configuration.ProvidersCodecRegistry.get(ProvidersCodecRegistry.java:55)
	at org.bson.codecs.configuration.ProvidersCodecRegistry.get(ProvidersCodecRegistry.java:37)
	at org.bson.codecs.pojo.FallbackPropertyCodecProvider.get(FallbackPropertyCodecProvider.java:38)
	at org.bson.codecs.pojo.PropertyCodecRegistryImpl.get(PropertyCodecRegistryImpl.java:44)
	at org.bson.codecs.pojo.PojoCodecImpl.addToCache(PojoCodecImpl.java:211)
	at org.bson.codecs.pojo.PojoCodecImpl.specialize(PojoCodecImpl.java:80)
	at org.bson.codecs.pojo.PojoCodecImpl.<init>(PojoCodecImpl.java:60)
	at org.bson.codecs.pojo.PojoCodecProvider.getPojoCodec(PojoCodecProvider.java:87)
	at org.bson.codecs.pojo.PojoCodecProvider.get(PojoCodecProvider.java:72)
	at org.bson.codecs.configuration.ProvidersCodecRegistry.get(ProvidersCodecRegistry.java:55)
	at org.bson.codecs.configuration.ChildCodecRegistry.get(ChildCodecRegistry.java:51)
	at org.bson.codecs.configuration.CodecRegistries$1.get(CodecRegistries.java:141)
	at org.bson.codecs.configuration.ProvidersCodecRegistry.get(ProvidersCodecRegistry.java:55)
	at org.bson.codecs.configuration.ProvidersCodecRegistry.get(ProvidersCodecRegistry.java:37)
	at org.bson.codecs.pojo.FallbackPropertyCodecProvider.get(FallbackPropertyCodecProvider.java:38)
	at org.bson.codecs.pojo.PropertyCodecRegistryImpl.get(PropertyCodecRegistryImpl.java:44)
	at org.bson.codecs.pojo.PojoCodecImpl.addToCache(PojoCodecImpl.java:211)
	at org.bson.codecs.pojo.PojoCodecImpl.specialize(PojoCodecImpl.java:80)
	at org.bson.codecs.pojo.PojoCodecImpl.<init>(PojoCodecImpl.java:60)
	at org.bson.codecs.pojo.PojoCodecProvider.getPojoCodec(PojoCodecProvider.java:87)
	at org.bson.codecs.pojo.PojoCodecProvider.get(PojoCodecProvider.java:72)
	at org.bson.codecs.configuration.ProvidersCodecRegistry.get(ProvidersCodecRegistry.java:55)
	at org.bson.codecs.configuration.ProvidersCodecRegistry.get(ProvidersCodecRegistry.java:37)
	at com.mongodb.internal.operation.Operations.getCodec(Operations.java:481)
	at com.mongodb.internal.operation.Operations.insertMany(Operations.java:335)
	at com.mongodb.internal.operation.SyncOperations.insertMany(SyncOperations.java:173)
	at com.mongodb.client.internal.MongoCollectionImpl.executeInsertMany(MongoCollectionImpl.java:520)
	at com.mongodb.client.internal.MongoCollectionImpl.insertMany(MongoCollectionImpl.java:504)
	at com.mongodb.client.internal.MongoCollectionImpl.insertMany(MongoCollectionImpl.java:499)
	at com.ld.filter.until.MongoDbQueryPojo.insert(MongoDbQueryPojo.java:77)
	at sun.reflect.NativeMethodAccessorImpl.invoke0(Native Method)
	at sun.reflect.NativeMethodAccessorImpl.invoke(NativeMethodAccessorImpl.java:62)
	at sun.reflect.DelegatingMethodAccessorImpl.invoke(DelegatingMethodAccessorImpl.java:43)
	at java.lang.reflect.Method.invoke(Method.java:498)
	at org.junit.runners.model.FrameworkMethod$1.runReflectiveCall(FrameworkMethod.java:50)
	at org.junit.internal.runners.model.ReflectiveCallable.run(ReflectiveCallable.java:12)
	at org.junit.runners.model.FrameworkMethod.invokeExplosively(FrameworkMethod.java:47)
	at org.junit.internal.runners.statements.InvokeMethod.evaluate(InvokeMethod.java:17)
	at org.junit.internal.runners.statements.RunBefores.evaluate(RunBefores.java:26)
	at org.junit.runners.ParentRunner.runLeaf(ParentRunner.java:325)
	at org.junit.runners.BlockJUnit4ClassRunner.runChild(BlockJUnit4ClassRunner.java:78)
	at org.junit.runners.BlockJUnit4ClassRunner.runChild(BlockJUnit4ClassRunner.java:57)
	at org.junit.runners.ParentRunner$3.run(ParentRunner.java:290)
	at org.junit.runners.ParentRunner$1.schedule(ParentRunner.java:71)
	at org.junit.runners.ParentRunner.runChildren(ParentRunner.java:288)
	at org.junit.runners.ParentRunner.access$000(ParentRunner.java:58)
	at org.junit.runners.ParentRunner$2.evaluate(ParentRunner.java:268)
	at org.junit.runners.ParentRunner.run(ParentRunner.java:363)
	at org.eclipse.jdt.internal.junit4.runner.JUnit4TestReference.run(JUnit4TestReference.java:86)
	at org.eclipse.jdt.internal.junit.runner.TestExecution.run(TestExecution.java:38)
	at org.eclipse.jdt.internal.junit.runner.RemoteTestRunner.runTests(RemoteTestRunner.java:538)
	at org.eclipse.jdt.internal.junit.runner.RemoteTestRunner.runTests(RemoteTestRunner.java:760)
	at org.eclipse.jdt.internal.junit.runner.RemoteTestRunner.run(RemoteTestRunner.java:460)
	at org.eclipse.jdt.internal.junit.runner.RemoteTestRunner.main(RemoteTestRunner.java:206)
Caused by: org.bson.codecs.configuration.CodecConfigurationException: Can't find a codec for class [B.
	at org.bson.codecs.configuration.CodecCache.getOrThrow(CodecCache.java:46)
	at org.bson.codecs.configuration.ProvidersCodecRegistry.get(ProvidersCodecRegistry.java:63)
	at org.bson.codecs.configuration.ProvidersCodecRegistry.get(ProvidersCodecRegistry.java:37)
	at org.bson.codecs.pojo.FallbackPropertyCodecProvider.get(FallbackPropertyCodecProvider.java:38)
	at org.bson.codecs.pojo.PropertyCodecRegistryImpl.get(PropertyCodecRegistryImpl.java:44)
	at org.bson.codecs.pojo.PojoCodecImpl.addToCache(PojoCodecImpl.java:211)
	at org.bson.codecs.pojo.PojoCodecImpl.specialize(PojoCodecImpl.java:80)
	... 60 more
[WARN] [2019-02-16 09:31:02][org.bson.codecs.pojo]Cannot use 'Address' with the PojoCodec.
  org.bson.codecs.configuration.CodecConfigurationException: Could not create a PojoCodec for 'Address'. Property 'add' errored with: Can't find a codec for class java.lang.String.
	at org.bson.codecs.pojo.PojoCodecImpl.specialize(PojoCodecImpl.java:82)
	at org.bson.codecs.pojo.PojoCodecImpl.<init>(PojoCodecImpl.java:60)
	at org.bson.codecs.pojo.PojoCodecProvider.getPojoCodec(PojoCodecProvider.java:87)
	at org.bson.codecs.pojo.PojoCodecProvider.get(PojoCodecProvider.java:72)
	at org.bson.codecs.configuration.ProvidersCodecRegistry.get(ProvidersCodecRegistry.java:55)
	at org.bson.codecs.configuration.ChildCodecRegistry.get(ChildCodecRegistry.java:51)
	at org.bson.codecs.configuration.CodecRegistries$1.get(CodecRegistries.java:141)
	at org.bson.codecs.configuration.ProvidersCodecRegistry.get(ProvidersCodecRegistry.java:55)
	at org.bson.codecs.configuration.ProvidersCodecRegistry.get(ProvidersCodecRegistry.java:37)
	at org.bson.codecs.pojo.FallbackPropertyCodecProvider.get(FallbackPropertyCodecProvider.java:38)
	at org.bson.codecs.pojo.PropertyCodecRegistryImpl.get(PropertyCodecRegistryImpl.java:44)
	at org.bson.codecs.pojo.PojoCodecImpl.addToCache(PojoCodecImpl.java:211)
	at org.bson.codecs.pojo.PojoCodecImpl.specialize(PojoCodecImpl.java:80)
	at org.bson.codecs.pojo.PojoCodecImpl.<init>(PojoCodecImpl.java:60)
	at org.bson.codecs.pojo.PojoCodecProvider.getPojoCodec(PojoCodecProvider.java:87)
	at org.bson.codecs.pojo.PojoCodecProvider.get(PojoCodecProvider.java:72)
	at org.bson.codecs.configuration.ProvidersCodecRegistry.get(ProvidersCodecRegistry.java:55)
	at org.bson.codecs.configuration.ProvidersCodecRegistry.get(ProvidersCodecRegistry.java:37)
	at com.mongodb.internal.operation.Operations.getCodec(Operations.java:481)
	at com.mongodb.internal.operation.Operations.insertMany(Operations.java:335)
	at com.mongodb.internal.operation.SyncOperations.insertMany(SyncOperations.java:173)
	at com.mongodb.client.internal.MongoCollectionImpl.executeInsertMany(MongoCollectionImpl.java:520)
	at com.mongodb.client.internal.MongoCollectionImpl.insertMany(MongoCollectionImpl.java:504)
	at com.mongodb.client.internal.MongoCollectionImpl.insertMany(MongoCollectionImpl.java:499)
	at com.ld.filter.until.MongoDbQueryPojo.insert(MongoDbQueryPojo.java:77)
	at sun.reflect.NativeMethodAccessorImpl.invoke0(Native Method)
	at sun.reflect.NativeMethodAccessorImpl.invoke(NativeMethodAccessorImpl.java:62)
	at sun.reflect.DelegatingMethodAccessorImpl.invoke(DelegatingMethodAccessorImpl.java:43)
	at java.lang.reflect.Method.invoke(Method.java:498)
	at org.junit.runners.model.FrameworkMethod$1.runReflectiveCall(FrameworkMethod.java:50)
	at org.junit.internal.runners.model.ReflectiveCallable.run(ReflectiveCallable.java:12)
	at org.junit.runners.model.FrameworkMethod.invokeExplosively(FrameworkMethod.java:47)
	at org.junit.internal.runners.statements.InvokeMethod.evaluate(InvokeMethod.java:17)
	at org.junit.internal.runners.statements.RunBefores.evaluate(RunBefores.java:26)
	at org.junit.runners.ParentRunner.runLeaf(ParentRunner.java:325)
	at org.junit.runners.BlockJUnit4ClassRunner.runChild(BlockJUnit4ClassRunner.java:78)
	at org.junit.runners.BlockJUnit4ClassRunner.runChild(BlockJUnit4ClassRunner.java:57)
	at org.junit.runners.ParentRunner$3.run(ParentRunner.java:290)
	at org.junit.runners.ParentRunner$1.schedule(ParentRunner.java:71)
	at org.junit.runners.ParentRunner.runChildren(ParentRunner.java:288)
	at org.junit.runners.ParentRunner.access$000(ParentRunner.java:58)
	at org.junit.runners.ParentRunner$2.evaluate(ParentRunner.java:268)
	at org.junit.runners.ParentRunner.run(ParentRunner.java:363)
	at org.eclipse.jdt.internal.junit4.runner.JUnit4TestReference.run(JUnit4TestReference.java:86)
	at org.eclipse.jdt.internal.junit.runner.TestExecution.run(TestExecution.java:38)
	at org.eclipse.jdt.internal.junit.runner.RemoteTestRunner.runTests(RemoteTestRunner.java:538)
	at org.eclipse.jdt.internal.junit.runner.RemoteTestRunner.runTests(RemoteTestRunner.java:760)
	at org.eclipse.jdt.internal.junit.runner.RemoteTestRunner.run(RemoteTestRunner.java:460)
	at org.eclipse.jdt.internal.junit.runner.RemoteTestRunner.main(RemoteTestRunner.java:206)
Caused by: org.bson.codecs.configuration.CodecConfigurationException: Can't find a codec for class java.lang.String.
	at org.bson.codecs.configuration.CodecCache.getOrThrow(CodecCache.java:46)
	at org.bson.codecs.configuration.ProvidersCodecRegistry.get(ProvidersCodecRegistry.java:63)
	at org.bson.codecs.configuration.ProvidersCodecRegistry.get(ProvidersCodecRegistry.java:37)
	at org.bson.codecs.pojo.FallbackPropertyCodecProvider.get(FallbackPropertyCodecProvider.java:38)
	at org.bson.codecs.pojo.PropertyCodecRegistryImpl.get(PropertyCodecRegistryImpl.java:44)
	at org.bson.codecs.pojo.PojoCodecImpl.addToCache(PojoCodecImpl.java:211)
	at org.bson.codecs.pojo.PojoCodecImpl.specialize(PojoCodecImpl.java:80)
	... 48 more
[WARN] [2019-02-16 09:31:02][org.bson.codecs.pojo]Cannot use 'User' with the PojoCodec.
  org.bson.codecs.configuration.CodecConfigurationException: Could not create a PojoCodec for 'User'. Property 'address' errored with: Can't find a codec for class com.ld.filter.until.Address.
	at org.bson.codecs.pojo.PojoCodecImpl.specialize(PojoCodecImpl.java:82)
	at org.bson.codecs.pojo.PojoCodecImpl.<init>(PojoCodecImpl.java:60)
	at org.bson.codecs.pojo.PojoCodecProvider.getPojoCodec(PojoCodecProvider.java:87)
	at org.bson.codecs.pojo.PojoCodecProvider.get(PojoCodecProvider.java:72)
	at org.bson.codecs.configuration.ProvidersCodecRegistry.get(ProvidersCodecRegistry.java:55)
	at org.bson.codecs.configuration.ProvidersCodecRegistry.get(ProvidersCodecRegistry.java:37)
	at com.mongodb.internal.operation.Operations.getCodec(Operations.java:481)
	at com.mongodb.internal.operation.Operations.insertMany(Operations.java:335)
	at com.mongodb.internal.operation.SyncOperations.insertMany(SyncOperations.java:173)
	at com.mongodb.client.internal.MongoCollectionImpl.executeInsertMany(MongoCollectionImpl.java:520)
	at com.mongodb.client.internal.MongoCollectionImpl.insertMany(MongoCollectionImpl.java:504)
	at com.mongodb.client.internal.MongoCollectionImpl.insertMany(MongoCollectionImpl.java:499)
	at com.ld.filter.until.MongoDbQueryPojo.insert(MongoDbQueryPojo.java:77)
	at sun.reflect.NativeMethodAccessorImpl.invoke0(Native Method)
	at sun.reflect.NativeMethodAccessorImpl.invoke(NativeMethodAccessorImpl.java:62)
	at sun.reflect.DelegatingMethodAccessorImpl.invoke(DelegatingMethodAccessorImpl.java:43)
	at java.lang.reflect.Method.invoke(Method.java:498)
	at org.junit.runners.model.FrameworkMethod$1.runReflectiveCall(FrameworkMethod.java:50)
	at org.junit.internal.runners.model.ReflectiveCallable.run(ReflectiveCallable.java:12)
	at org.junit.runners.model.FrameworkMethod.invokeExplosively(FrameworkMethod.java:47)
	at org.junit.internal.runners.statements.InvokeMethod.evaluate(InvokeMethod.java:17)
	at org.junit.internal.runners.statements.RunBefores.evaluate(RunBefores.java:26)
	at org.junit.runners.ParentRunner.runLeaf(ParentRunner.java:325)
	at org.junit.runners.BlockJUnit4ClassRunner.runChild(BlockJUnit4ClassRunner.java:78)
	at org.junit.runners.BlockJUnit4ClassRunner.runChild(BlockJUnit4ClassRunner.java:57)
	at org.junit.runners.ParentRunner$3.run(ParentRunner.java:290)
	at org.junit.runners.ParentRunner$1.schedule(ParentRunner.java:71)
	at org.junit.runners.ParentRunner.runChildren(ParentRunner.java:288)
	at org.junit.runners.ParentRunner.access$000(ParentRunner.java:58)
	at org.junit.runners.ParentRunner$2.evaluate(ParentRunner.java:268)
	at org.junit.runners.ParentRunner.run(ParentRunner.java:363)
	at org.eclipse.jdt.internal.junit4.runner.JUnit4TestReference.run(JUnit4TestReference.java:86)
	at org.eclipse.jdt.internal.junit.runner.TestExecution.run(TestExecution.java:38)
	at org.eclipse.jdt.internal.junit.runner.RemoteTestRunner.runTests(RemoteTestRunner.java:538)
	at org.eclipse.jdt.internal.junit.runner.RemoteTestRunner.runTests(RemoteTestRunner.java:760)
	at org.eclipse.jdt.internal.junit.runner.RemoteTestRunner.run(RemoteTestRunner.java:460)
	at org.eclipse.jdt.internal.junit.runner.RemoteTestRunner.main(RemoteTestRunner.java:206)
Caused by: org.bson.codecs.configuration.CodecConfigurationException: Can't find a codec for class com.ld.filter.until.Address.
	at org.bson.codecs.configuration.CodecCache.getOrThrow(CodecCache.java:46)
	at org.bson.codecs.configuration.ProvidersCodecRegistry.get(ProvidersCodecRegistry.java:63)
	at org.bson.codecs.configuration.ProvidersCodecRegistry.get(ProvidersCodecRegistry.java:37)
	at org.bson.codecs.pojo.FallbackPropertyCodecProvider.get(FallbackPropertyCodecProvider.java:38)
	at org.bson.codecs.pojo.PropertyCodecRegistryImpl.get(PropertyCodecRegistryImpl.java:44)
	at org.bson.codecs.pojo.PojoCodecImpl.addToCache(PojoCodecImpl.java:211)
	at org.bson.codecs.pojo.PojoCodecImpl.specialize(PojoCodecImpl.java:80)
	... 36 more
[INFO] [2019-02-16 09:34:48][org.mongodb.driver.cluster]Cluster created with settings {hosts=[47.105.134.108:27022], mode=SINGLE, requiredClusterType=UNKNOWN, serverSelectionTimeout='30000 ms', maxWaitQueueSize=500}
  [WARN] [2019-02-16 09:34:48][org.bson.codecs.pojo]Cannot use 'String' with the PojoCodec.
  org.bson.codecs.configuration.CodecConfigurationException: Could not create a PojoCodec for 'String'. Property 'bytes' errored with: Can't find a codec for class [B.
	at org.bson.codecs.pojo.PojoCodecImpl.specialize(PojoCodecImpl.java:82)
	at org.bson.codecs.pojo.PojoCodecImpl.<init>(PojoCodecImpl.java:60)
	at org.bson.codecs.pojo.PojoCodecProvider.getPojoCodec(PojoCodecProvider.java:87)
	at org.bson.codecs.pojo.PojoCodecProvider.get(PojoCodecProvider.java:72)
	at org.bson.codecs.configuration.ProvidersCodecRegistry.get(ProvidersCodecRegistry.java:55)
	at org.bson.codecs.configuration.ChildCodecRegistry.get(ChildCodecRegistry.java:51)
	at org.bson.codecs.configuration.CodecRegistries$1.get(CodecRegistries.java:141)
	at org.bson.codecs.configuration.ProvidersCodecRegistry.get(ProvidersCodecRegistry.java:55)
	at org.bson.codecs.configuration.ProvidersCodecRegistry.get(ProvidersCodecRegistry.java:37)
	at org.bson.codecs.pojo.FallbackPropertyCodecProvider.get(FallbackPropertyCodecProvider.java:38)
	at org.bson.codecs.pojo.PropertyCodecRegistryImpl.get(PropertyCodecRegistryImpl.java:44)
	at org.bson.codecs.pojo.PojoCodecImpl.addToCache(PojoCodecImpl.java:211)
	at org.bson.codecs.pojo.PojoCodecImpl.specialize(PojoCodecImpl.java:80)
	at org.bson.codecs.pojo.PojoCodecImpl.<init>(PojoCodecImpl.java:60)
	at org.bson.codecs.pojo.PojoCodecProvider.getPojoCodec(PojoCodecProvider.java:87)
	at org.bson.codecs.pojo.PojoCodecProvider.get(PojoCodecProvider.java:72)
	at org.bson.codecs.configuration.ProvidersCodecRegistry.get(ProvidersCodecRegistry.java:55)
	at org.bson.codecs.configuration.ChildCodecRegistry.get(ChildCodecRegistry.java:51)
	at org.bson.codecs.configuration.CodecRegistries$1.get(CodecRegistries.java:141)
	at org.bson.codecs.configuration.ProvidersCodecRegistry.get(ProvidersCodecRegistry.java:55)
	at org.bson.codecs.configuration.ProvidersCodecRegistry.get(ProvidersCodecRegistry.java:37)
	at org.bson.codecs.pojo.FallbackPropertyCodecProvider.get(FallbackPropertyCodecProvider.java:38)
	at org.bson.codecs.pojo.PropertyCodecRegistryImpl.get(PropertyCodecRegistryImpl.java:44)
	at org.bson.codecs.pojo.PojoCodecImpl.addToCache(PojoCodecImpl.java:211)
	at org.bson.codecs.pojo.PojoCodecImpl.specialize(PojoCodecImpl.java:80)
	at org.bson.codecs.pojo.PojoCodecImpl.<init>(PojoCodecImpl.java:60)
	at org.bson.codecs.pojo.PojoCodecProvider.getPojoCodec(PojoCodecProvider.java:87)
	at org.bson.codecs.pojo.PojoCodecProvider.get(PojoCodecProvider.java:72)
	at org.bson.codecs.configuration.ProvidersCodecRegistry.get(ProvidersCodecRegistry.java:55)
	at org.bson.codecs.configuration.ProvidersCodecRegistry.get(ProvidersCodecRegistry.java:37)
	at com.mongodb.internal.operation.Operations.getCodec(Operations.java:481)
	at com.mongodb.internal.operation.Operations.insertMany(Operations.java:335)
	at com.mongodb.internal.operation.SyncOperations.insertMany(SyncOperations.java:173)
	at com.mongodb.client.internal.MongoCollectionImpl.executeInsertMany(MongoCollectionImpl.java:520)
	at com.mongodb.client.internal.MongoCollectionImpl.insertMany(MongoCollectionImpl.java:504)
	at com.mongodb.client.internal.MongoCollectionImpl.insertMany(MongoCollectionImpl.java:499)
	at com.ld.filter.until.MongoDbQueryPojo.insert(MongoDbQueryPojo.java:76)
	at sun.reflect.NativeMethodAccessorImpl.invoke0(Native Method)
	at sun.reflect.NativeMethodAccessorImpl.invoke(NativeMethodAccessorImpl.java:62)
	at sun.reflect.DelegatingMethodAccessorImpl.invoke(DelegatingMethodAccessorImpl.java:43)
	at java.lang.reflect.Method.invoke(Method.java:498)
	at org.junit.runners.model.FrameworkMethod$1.runReflectiveCall(FrameworkMethod.java:50)
	at org.junit.internal.runners.model.ReflectiveCallable.run(ReflectiveCallable.java:12)
	at org.junit.runners.model.FrameworkMethod.invokeExplosively(FrameworkMethod.java:47)
	at org.junit.internal.runners.statements.InvokeMethod.evaluate(InvokeMethod.java:17)
	at org.junit.internal.runners.statements.RunBefores.evaluate(RunBefores.java:26)
	at org.junit.runners.ParentRunner.runLeaf(ParentRunner.java:325)
	at org.junit.runners.BlockJUnit4ClassRunner.runChild(BlockJUnit4ClassRunner.java:78)
	at org.junit.runners.BlockJUnit4ClassRunner.runChild(BlockJUnit4ClassRunner.java:57)
	at org.junit.runners.ParentRunner$3.run(ParentRunner.java:290)
	at org.junit.runners.ParentRunner$1.schedule(ParentRunner.java:71)
	at org.junit.runners.ParentRunner.runChildren(ParentRunner.java:288)
	at org.junit.runners.ParentRunner.access$000(ParentRunner.java:58)
	at org.junit.runners.ParentRunner$2.evaluate(ParentRunner.java:268)
	at org.junit.runners.ParentRunner.run(ParentRunner.java:363)
	at org.eclipse.jdt.internal.junit4.runner.JUnit4TestReference.run(JUnit4TestReference.java:86)
	at org.eclipse.jdt.internal.junit.runner.TestExecution.run(TestExecution.java:38)
	at org.eclipse.jdt.internal.junit.runner.RemoteTestRunner.runTests(RemoteTestRunner.java:538)
	at org.eclipse.jdt.internal.junit.runner.RemoteTestRunner.runTests(RemoteTestRunner.java:760)
	at org.eclipse.jdt.internal.junit.runner.RemoteTestRunner.run(RemoteTestRunner.java:460)
	at org.eclipse.jdt.internal.junit.runner.RemoteTestRunner.main(RemoteTestRunner.java:206)
Caused by: org.bson.codecs.configuration.CodecConfigurationException: Can't find a codec for class [B.
	at org.bson.codecs.configuration.CodecCache.getOrThrow(CodecCache.java:46)
	at org.bson.codecs.configuration.ProvidersCodecRegistry.get(ProvidersCodecRegistry.java:63)
	at org.bson.codecs.configuration.ProvidersCodecRegistry.get(ProvidersCodecRegistry.java:37)
	at org.bson.codecs.pojo.FallbackPropertyCodecProvider.get(FallbackPropertyCodecProvider.java:38)
	at org.bson.codecs.pojo.PropertyCodecRegistryImpl.get(PropertyCodecRegistryImpl.java:44)
	at org.bson.codecs.pojo.PojoCodecImpl.addToCache(PojoCodecImpl.java:211)
	at org.bson.codecs.pojo.PojoCodecImpl.specialize(PojoCodecImpl.java:80)
	... 60 more
[WARN] [2019-02-16 09:34:48][org.bson.codecs.pojo]Cannot use 'Address' with the PojoCodec.
  org.bson.codecs.configuration.CodecConfigurationException: Could not create a PojoCodec for 'Address'. Property 'add' errored with: Can't find a codec for class java.lang.String.
	at org.bson.codecs.pojo.PojoCodecImpl.specialize(PojoCodecImpl.java:82)
	at org.bson.codecs.pojo.PojoCodecImpl.<init>(PojoCodecImpl.java:60)
	at org.bson.codecs.pojo.PojoCodecProvider.getPojoCodec(PojoCodecProvider.java:87)
	at org.bson.codecs.pojo.PojoCodecProvider.get(PojoCodecProvider.java:72)
	at org.bson.codecs.configuration.ProvidersCodecRegistry.get(ProvidersCodecRegistry.java:55)
	at org.bson.codecs.configuration.ChildCodecRegistry.get(ChildCodecRegistry.java:51)
	at org.bson.codecs.configuration.CodecRegistries$1.get(CodecRegistries.java:141)
	at org.bson.codecs.configuration.ProvidersCodecRegistry.get(ProvidersCodecRegistry.java:55)
	at org.bson.codecs.configuration.ProvidersCodecRegistry.get(ProvidersCodecRegistry.java:37)
	at org.bson.codecs.pojo.FallbackPropertyCodecProvider.get(FallbackPropertyCodecProvider.java:38)
	at org.bson.codecs.pojo.PropertyCodecRegistryImpl.get(PropertyCodecRegistryImpl.java:44)
	at org.bson.codecs.pojo.PojoCodecImpl.addToCache(PojoCodecImpl.java:211)
	at org.bson.codecs.pojo.PojoCodecImpl.specialize(PojoCodecImpl.java:80)
	at org.bson.codecs.pojo.PojoCodecImpl.<init>(PojoCodecImpl.java:60)
	at org.bson.codecs.pojo.PojoCodecProvider.getPojoCodec(PojoCodecProvider.java:87)
	at org.bson.codecs.pojo.PojoCodecProvider.get(PojoCodecProvider.java:72)
	at org.bson.codecs.configuration.ProvidersCodecRegistry.get(ProvidersCodecRegistry.java:55)
	at org.bson.codecs.configuration.ProvidersCodecRegistry.get(ProvidersCodecRegistry.java:37)
	at com.mongodb.internal.operation.Operations.getCodec(Operations.java:481)
	at com.mongodb.internal.operation.Operations.insertMany(Operations.java:335)
	at com.mongodb.internal.operation.SyncOperations.insertMany(SyncOperations.java:173)
	at com.mongodb.client.internal.MongoCollectionImpl.executeInsertMany(MongoCollectionImpl.java:520)
	at com.mongodb.client.internal.MongoCollectionImpl.insertMany(MongoCollectionImpl.java:504)
	at com.mongodb.client.internal.MongoCollectionImpl.insertMany(MongoCollectionImpl.java:499)
	at com.ld.filter.until.MongoDbQueryPojo.insert(MongoDbQueryPojo.java:76)
	at sun.reflect.NativeMethodAccessorImpl.invoke0(Native Method)
	at sun.reflect.NativeMethodAccessorImpl.invoke(NativeMethodAccessorImpl.java:62)
	at sun.reflect.DelegatingMethodAccessorImpl.invoke(DelegatingMethodAccessorImpl.java:43)
	at java.lang.reflect.Method.invoke(Method.java:498)
	at org.junit.runners.model.FrameworkMethod$1.runReflectiveCall(FrameworkMethod.java:50)
	at org.junit.internal.runners.model.ReflectiveCallable.run(ReflectiveCallable.java:12)
	at org.junit.runners.model.FrameworkMethod.invokeExplosively(FrameworkMethod.java:47)
	at org.junit.internal.runners.statements.InvokeMethod.evaluate(InvokeMethod.java:17)
	at org.junit.internal.runners.statements.RunBefores.evaluate(RunBefores.java:26)
	at org.junit.runners.ParentRunner.runLeaf(ParentRunner.java:325)
	at org.junit.runners.BlockJUnit4ClassRunner.runChild(BlockJUnit4ClassRunner.java:78)
	at org.junit.runners.BlockJUnit4ClassRunner.runChild(BlockJUnit4ClassRunner.java:57)
	at org.junit.runners.ParentRunner$3.run(ParentRunner.java:290)
	at org.junit.runners.ParentRunner$1.schedule(ParentRunner.java:71)
	at org.junit.runners.ParentRunner.runChildren(ParentRunner.java:288)
	at org.junit.runners.ParentRunner.access$000(ParentRunner.java:58)
	at org.junit.runners.ParentRunner$2.evaluate(ParentRunner.java:268)
	at org.junit.runners.ParentRunner.run(ParentRunner.java:363)
	at org.eclipse.jdt.internal.junit4.runner.JUnit4TestReference.run(JUnit4TestReference.java:86)
	at org.eclipse.jdt.internal.junit.runner.TestExecution.run(TestExecution.java:38)
	at org.eclipse.jdt.internal.junit.runner.RemoteTestRunner.runTests(RemoteTestRunner.java:538)
	at org.eclipse.jdt.internal.junit.runner.RemoteTestRunner.runTests(RemoteTestRunner.java:760)
	at org.eclipse.jdt.internal.junit.runner.RemoteTestRunner.run(RemoteTestRunner.java:460)
	at org.eclipse.jdt.internal.junit.runner.RemoteTestRunner.main(RemoteTestRunner.java:206)
Caused by: org.bson.codecs.configuration.CodecConfigurationException: Can't find a codec for class java.lang.String.
	at org.bson.codecs.configuration.CodecCache.getOrThrow(CodecCache.java:46)
	at org.bson.codecs.configuration.ProvidersCodecRegistry.get(ProvidersCodecRegistry.java:63)
	at org.bson.codecs.configuration.ProvidersCodecRegistry.get(ProvidersCodecRegistry.java:37)
	at org.bson.codecs.pojo.FallbackPropertyCodecProvider.get(FallbackPropertyCodecProvider.java:38)
	at org.bson.codecs.pojo.PropertyCodecRegistryImpl.get(PropertyCodecRegistryImpl.java:44)
	at org.bson.codecs.pojo.PojoCodecImpl.addToCache(PojoCodecImpl.java:211)
	at org.bson.codecs.pojo.PojoCodecImpl.specialize(PojoCodecImpl.java:80)
	... 48 more
[WARN] [2019-02-16 09:34:48][org.bson.codecs.pojo]Cannot use 'User' with the PojoCodec.
  org.bson.codecs.configuration.CodecConfigurationException: Could not create a PojoCodec for 'User'. Property 'address' errored with: Can't find a codec for class com.ld.filter.until.Address.
	at org.bson.codecs.pojo.PojoCodecImpl.specialize(PojoCodecImpl.java:82)
	at org.bson.codecs.pojo.PojoCodecImpl.<init>(PojoCodecImpl.java:60)
	at org.bson.codecs.pojo.PojoCodecProvider.getPojoCodec(PojoCodecProvider.java:87)
	at org.bson.codecs.pojo.PojoCodecProvider.get(PojoCodecProvider.java:72)
	at org.bson.codecs.configuration.ProvidersCodecRegistry.get(ProvidersCodecRegistry.java:55)
	at org.bson.codecs.configuration.ProvidersCodecRegistry.get(ProvidersCodecRegistry.java:37)
	at com.mongodb.internal.operation.Operations.getCodec(Operations.java:481)
	at com.mongodb.internal.operation.Operations.insertMany(Operations.java:335)
	at com.mongodb.internal.operation.SyncOperations.insertMany(SyncOperations.java:173)
	at com.mongodb.client.internal.MongoCollectionImpl.executeInsertMany(MongoCollectionImpl.java:520)
	at com.mongodb.client.internal.MongoCollectionImpl.insertMany(MongoCollectionImpl.java:504)
	at com.mongodb.client.internal.MongoCollectionImpl.insertMany(MongoCollectionImpl.java:499)
	at com.ld.filter.until.MongoDbQueryPojo.insert(MongoDbQueryPojo.java:76)
	at sun.reflect.NativeMethodAccessorImpl.invoke0(Native Method)
	at sun.reflect.NativeMethodAccessorImpl.invoke(NativeMethodAccessorImpl.java:62)
	at sun.reflect.DelegatingMethodAccessorImpl.invoke(DelegatingMethodAccessorImpl.java:43)
	at java.lang.reflect.Method.invoke(Method.java:498)
	at org.junit.runners.model.FrameworkMethod$1.runReflectiveCall(FrameworkMethod.java:50)
	at org.junit.internal.runners.model.ReflectiveCallable.run(ReflectiveCallable.java:12)
	at org.junit.runners.model.FrameworkMethod.invokeExplosively(FrameworkMethod.java:47)
	at org.junit.internal.runners.statements.InvokeMethod.evaluate(InvokeMethod.java:17)
	at org.junit.internal.runners.statements.RunBefores.evaluate(RunBefores.java:26)
	at org.junit.runners.ParentRunner.runLeaf(ParentRunner.java:325)
	at org.junit.runners.BlockJUnit4ClassRunner.runChild(BlockJUnit4ClassRunner.java:78)
	at org.junit.runners.BlockJUnit4ClassRunner.runChild(BlockJUnit4ClassRunner.java:57)
	at org.junit.runners.ParentRunner$3.run(ParentRunner.java:290)
	at org.junit.runners.ParentRunner$1.schedule(ParentRunner.java:71)
	at org.junit.runners.ParentRunner.runChildren(ParentRunner.java:288)
	at org.junit.runners.ParentRunner.access$000(ParentRunner.java:58)
	at org.junit.runners.ParentRunner$2.evaluate(ParentRunner.java:268)
	at org.junit.runners.ParentRunner.run(ParentRunner.java:363)
	at org.eclipse.jdt.internal.junit4.runner.JUnit4TestReference.run(JUnit4TestReference.java:86)
	at org.eclipse.jdt.internal.junit.runner.TestExecution.run(TestExecution.java:38)
	at org.eclipse.jdt.internal.junit.runner.RemoteTestRunner.runTests(RemoteTestRunner.java:538)
	at org.eclipse.jdt.internal.junit.runner.RemoteTestRunner.runTests(RemoteTestRunner.java:760)
	at org.eclipse.jdt.internal.junit.runner.RemoteTestRunner.run(RemoteTestRunner.java:460)
	at org.eclipse.jdt.internal.junit.runner.RemoteTestRunner.main(RemoteTestRunner.java:206)
Caused by: org.bson.codecs.configuration.CodecConfigurationException: Can't find a codec for class com.ld.filter.until.Address.
	at org.bson.codecs.configuration.CodecCache.getOrThrow(CodecCache.java:46)
	at org.bson.codecs.configuration.ProvidersCodecRegistry.get(ProvidersCodecRegistry.java:63)
	at org.bson.codecs.configuration.ProvidersCodecRegistry.get(ProvidersCodecRegistry.java:37)
	at org.bson.codecs.pojo.FallbackPropertyCodecProvider.get(FallbackPropertyCodecProvider.java:38)
	at org.bson.codecs.pojo.PropertyCodecRegistryImpl.get(PropertyCodecRegistryImpl.java:44)
	at org.bson.codecs.pojo.PojoCodecImpl.addToCache(PojoCodecImpl.java:211)
	at org.bson.codecs.pojo.PojoCodecImpl.specialize(PojoCodecImpl.java:80)
	... 36 more
[INFO] [2019-02-16 09:41:52][org.mongodb.driver.cluster]Cluster created with settings {hosts=[47.105.134.108:27022], mode=SINGLE, requiredClusterType=UNKNOWN, serverSelectionTimeout='30000 ms', maxWaitQueueSize=500}
  [INFO] [2019-02-16 09:41:52][org.mongodb.driver.cluster]Cluster description not yet available. Waiting for 30000 ms before timing out
  [INFO] [2019-02-16 09:41:52][org.mongodb.driver.connection]Opened connection [connectionId{localValue:1, serverValue:92}] to 47.105.134.108:27022
  [INFO] [2019-02-16 09:41:52][org.mongodb.driver.cluster]Monitor thread successfully connected to server with description ServerDescription{address=47.105.134.108:27022, type=STANDALONE, state=CONNECTED, ok=true, version=ServerVersion{versionList=[3, 4, 18]}, minWireVersion=0, maxWireVersion=5, maxDocumentSize=16777216, logicalSessionTimeoutMinutes=null, roundTripTimeNanos=31241200}
  [INFO] [2019-02-16 09:41:52][org.mongodb.driver.connection]Opened connection [connectionId{localValue:2, serverValue:93}] to 47.105.134.108:27022
  [INFO] [2019-02-16 10:12:35][org.mongodb.driver.cluster]Cluster created with settings {hosts=[47.105.134.108:27022], mode=SINGLE, requiredClusterType=UNKNOWN, serverSelectionTimeout='30000 ms', maxWaitQueueSize=500}
  [INFO] [2019-02-16 10:12:35][org.mongodb.driver.connection]Opened connection [connectionId{localValue:1, serverValue:94}] to 47.105.134.108:27022
  [INFO] [2019-02-16 10:12:35][org.mongodb.driver.cluster]Cluster description not yet available. Waiting for 30000 ms before timing out
  [INFO] [2019-02-16 10:12:35][org.mongodb.driver.cluster]Monitor thread successfully connected to server with description ServerDescription{address=47.105.134.108:27022, type=STANDALONE, state=CONNECTED, ok=true, version=ServerVersion{versionList=[3, 4, 18]}, minWireVersion=0, maxWireVersion=5, maxDocumentSize=16777216, logicalSessionTimeoutMinutes=null, roundTripTimeNanos=25145500}
  [INFO] [2019-02-16 10:12:35][org.mongodb.driver.connection]Opened connection [connectionId{localValue:2, serverValue:95}] to 47.105.134.108:27022
  [INFO] [2019-02-16 10:12:35][com.ld.filter.until.MongoDbQueryPojo]----------->0
  [INFO] [2019-02-16 10:12:35][com.ld.filter.until.MongoDbQueryPojo]----------->0
  [INFO] [2019-02-16 10:13:10][org.mongodb.driver.cluster]Cluster created with settings {hosts=[47.105.134.108:27022], mode=SINGLE, requiredClusterType=UNKNOWN, serverSelectionTimeout='30000 ms', maxWaitQueueSize=500}
  [INFO] [2019-02-16 10:13:10][org.mongodb.driver.cluster]Cluster description not yet available. Waiting for 30000 ms before timing out
  [INFO] [2019-02-16 10:13:10][org.mongodb.driver.connection]Opened connection [connectionId{localValue:1, serverValue:96}] to 47.105.134.108:27022
  [INFO] [2019-02-16 10:13:10][org.mongodb.driver.cluster]Monitor thread successfully connected to server with description ServerDescription{address=47.105.134.108:27022, type=STANDALONE, state=CONNECTED, ok=true, version=ServerVersion{versionList=[3, 4, 18]}, minWireVersion=0, maxWireVersion=5, maxDocumentSize=16777216, logicalSessionTimeoutMinutes=null, roundTripTimeNanos=20410500}
  [INFO] [2019-02-16 10:13:10][org.mongodb.driver.connection]Opened connection [connectionId{localValue:2, serverValue:97}] to 47.105.134.108:27022
  [INFO] [2019-02-16 10:13:10][com.ld.filter.until.MongoDbQueryPojo]----------->0
  [INFO] [2019-02-16 10:13:10][com.ld.filter.until.MongoDbQueryPojo]----------->0
  [INFO] [2019-02-16 10:16:37][org.mongodb.driver.cluster]Cluster created with settings {hosts=[47.105.134.108:27022], mode=SINGLE, requiredClusterType=UNKNOWN, serverSelectionTimeout='30000 ms', maxWaitQueueSize=500}
  [INFO] [2019-02-16 10:16:37][org.mongodb.driver.cluster]Cluster description not yet available. Waiting for 30000 ms before timing out
  [INFO] [2019-02-16 10:16:37][org.mongodb.driver.connection]Opened connection [connectionId{localValue:1, serverValue:98}] to 47.105.134.108:27022
  [INFO] [2019-02-16 10:16:37][org.mongodb.driver.cluster]Monitor thread successfully connected to server with description ServerDescription{address=47.105.134.108:27022, type=STANDALONE, state=CONNECTED, ok=true, version=ServerVersion{versionList=[3, 4, 18]}, minWireVersion=0, maxWireVersion=5, maxDocumentSize=16777216, logicalSessionTimeoutMinutes=null, roundTripTimeNanos=30474200}
  [INFO] [2019-02-16 10:16:37][org.mongodb.driver.connection]Opened connection [connectionId{localValue:2, serverValue:99}] to 47.105.134.108:27022
  [INFO] [2019-02-16 10:16:37][com.ld.filter.until.MongoDbQueryPojo]----------->0
  [INFO] [2019-02-16 10:16:37][com.ld.filter.until.MongoDbQueryPojo]----------->1
  [INFO] [2019-02-16 10:17:21][org.mongodb.driver.cluster]Cluster created with settings {hosts=[47.105.134.108:27022], mode=SINGLE, requiredClusterType=UNKNOWN, serverSelectionTimeout='30000 ms', maxWaitQueueSize=500}
  [INFO] [2019-02-16 10:17:21][org.mongodb.driver.cluster]Cluster description not yet available. Waiting for 30000 ms before timing out
  [INFO] [2019-02-16 10:17:21][org.mongodb.driver.connection]Opened connection [connectionId{localValue:1, serverValue:100}] to 47.105.134.108:27022
  [INFO] [2019-02-16 10:17:21][org.mongodb.driver.cluster]Monitor thread successfully connected to server with description ServerDescription{address=47.105.134.108:27022, type=STANDALONE, state=CONNECTED, ok=true, version=ServerVersion{versionList=[3, 4, 18]}, minWireVersion=0, maxWireVersion=5, maxDocumentSize=16777216, logicalSessionTimeoutMinutes=null, roundTripTimeNanos=28378300}
  [INFO] [2019-02-16 10:17:21][org.mongodb.driver.connection]Opened connection [connectionId{localValue:2, serverValue:101}] to 47.105.134.108:27022
  [INFO] [2019-02-16 10:17:21][com.ld.filter.until.MongoDbQueryPojo]----------->1
  [INFO] [2019-02-16 10:17:21][com.ld.filter.until.MongoDbQueryPojo]----------->1
  [INFO] [2019-02-16 10:22:58][org.mongodb.driver.cluster]Cluster created with settings {hosts=[47.105.134.108:27022], mode=SINGLE, requiredClusterType=UNKNOWN, serverSelectionTimeout='30000 ms', maxWaitQueueSize=500}
  [INFO] [2019-02-16 10:24:12][org.mongodb.driver.cluster]Cluster created with settings {hosts=[47.105.134.108:27022], mode=SINGLE, requiredClusterType=UNKNOWN, serverSelectionTimeout='30000 ms', maxWaitQueueSize=500}
  [INFO] [2019-02-16 10:24:12][org.mongodb.driver.cluster]Cluster description not yet available. Waiting for 30000 ms before timing out
  [INFO] [2019-02-16 10:24:12][org.mongodb.driver.connection]Opened connection [connectionId{localValue:1, serverValue:103}] to 47.105.134.108:27022
  [INFO] [2019-02-16 10:24:12][org.mongodb.driver.cluster]Monitor thread successfully connected to server with description ServerDescription{address=47.105.134.108:27022, type=STANDALONE, state=CONNECTED, ok=true, version=ServerVersion{versionList=[3, 4, 18]}, minWireVersion=0, maxWireVersion=5, maxDocumentSize=16777216, logicalSessionTimeoutMinutes=null, roundTripTimeNanos=30320500}
  [INFO] [2019-02-16 10:24:13][org.mongodb.driver.connection]Opened connection [connectionId{localValue:2, serverValue:104}] to 47.105.134.108:27022
  [INFO] [2019-02-16 10:24:13][com.ld.filter.until.MongoDbQueryPojo]-------->1
  [INFO] [2019-02-16 10:24:20][org.mongodb.driver.cluster]Cluster created with settings {hosts=[47.105.134.108:27022], mode=SINGLE, requiredClusterType=UNKNOWN, serverSelectionTimeout='30000 ms', maxWaitQueueSize=500}
  [INFO] [2019-02-16 10:24:21][org.mongodb.driver.cluster]Cluster description not yet available. Waiting for 30000 ms before timing out
  [INFO] [2019-02-16 10:24:21][org.mongodb.driver.connection]Opened connection [connectionId{localValue:1, serverValue:105}] to 47.105.134.108:27022
  [INFO] [2019-02-16 10:24:21][org.mongodb.driver.cluster]Monitor thread successfully connected to server with description ServerDescription{address=47.105.134.108:27022, type=STANDALONE, state=CONNECTED, ok=true, version=ServerVersion{versionList=[3, 4, 18]}, minWireVersion=0, maxWireVersion=5, maxDocumentSize=16777216, logicalSessionTimeoutMinutes=null, roundTripTimeNanos=24749500}
  [INFO] [2019-02-16 10:24:21][org.mongodb.driver.connection]Opened connection [connectionId{localValue:2, serverValue:106}] to 47.105.134.108:27022
  [INFO] [2019-02-16 10:24:21][com.ld.filter.until.MongoDbQueryPojo]-------->0
  [INFO] [2019-02-16 10:29:49][org.mongodb.driver.cluster]Cluster created with settings {hosts=[47.105.134.108:27022], mode=SINGLE, requiredClusterType=UNKNOWN, serverSelectionTimeout='30000 ms', maxWaitQueueSize=500}
  [INFO] [2019-02-16 10:29:49][org.mongodb.driver.cluster]Cluster description not yet available. Waiting for 30000 ms before timing out
  [INFO] [2019-02-16 10:29:49][org.mongodb.driver.connection]Opened connection [connectionId{localValue:1, serverValue:107}] to 47.105.134.108:27022
  [INFO] [2019-02-16 10:29:49][org.mongodb.driver.cluster]Monitor thread successfully connected to server with description ServerDescription{address=47.105.134.108:27022, type=STANDALONE, state=CONNECTED, ok=true, version=ServerVersion{versionList=[3, 4, 18]}, minWireVersion=0, maxWireVersion=5, maxDocumentSize=16777216, logicalSessionTimeoutMinutes=null, roundTripTimeNanos=26753900}
  [INFO] [2019-02-16 10:29:49][org.mongodb.driver.connection]Opened connection [connectionId{localValue:2, serverValue:108}] to 47.105.134.108:27022
  [INFO] [2019-02-16 10:29:49][com.ld.filter.until.MongoDbQueryPojo]------->1
  [INFO] [2019-02-16 10:29:49][com.ld.filter.until.MongoDbQueryPojo]------->2
  